{"C:\\Users\\naman\\Desktop\\Tutorials\\react-testing\\src\\components\\FindingElementsByRole.tsx": {"path":"C:\\Users\\naman\\Desktop\\Tutorials\\react-testing\\src\\components\\FindingElementsByRole.tsx","all":false,"statementMap":{"0":{"start":{"line":1,"column":0},"end":{"line":1,"column":34}},"1":{"start":{"line":2,"column":0},"end":{"line":2,"column":10}},"2":{"start":{"line":3,"column":0},"end":{"line":3,"column":9}},"4":{"start":{"line":5,"column":0},"end":{"line":5,"column":28}},"6":{"start":{"line":7,"column":0},"end":{"line":7,"column":31}},"8":{"start":{"line":9,"column":0},"end":{"line":9,"column":36}},"10":{"start":{"line":11,"column":0},"end":{"line":11,"column":24}},"12":{"start":{"line":13,"column":0},"end":{"line":13,"column":31}},"14":{"start":{"line":15,"column":0},"end":{"line":15,"column":70}},"16":{"start":{"line":17,"column":0},"end":{"line":17,"column":31}},"18":{"start":{"line":19,"column":0},"end":{"line":19,"column":21}},"20":{"start":{"line":21,"column":0},"end":{"line":21,"column":25}},"21":{"start":{"line":22,"column":0},"end":{"line":22,"column":10}},"23":{"start":{"line":24,"column":0},"end":{"line":24,"column":1}},"25":{"start":{"line":26,"column":0},"end":{"line":26,"column":36}}},"s":{"0":9,"1":9,"2":9,"4":9,"6":9,"8":9,"10":9,"12":9,"14":9,"16":9,"18":9,"20":9,"21":9,"23":9,"25":1},"branchMap":{"0":{"type":"branch","line":1,"loc":{"start":{"line":1,"column":0},"end":{"line":24,"column":1}},"locations":[{"start":{"line":1,"column":0},"end":{"line":24,"column":1}}]}},"b":{"0":[9]},"fnMap":{"0":{"name":"FindingElementsByRole","decl":{"start":{"line":1,"column":0},"end":{"line":24,"column":1}},"loc":{"start":{"line":1,"column":0},"end":{"line":24,"column":1}},"line":1}},"f":{"0":9}}
,"C:\\Users\\naman\\Desktop\\Tutorials\\react-testing\\src\\components\\GetAllByQueries.tsx": {"path":"C:\\Users\\naman\\Desktop\\Tutorials\\react-testing\\src\\components\\GetAllByQueries.tsx","all":false,"statementMap":{"0":{"start":{"line":1,"column":0},"end":{"line":1,"column":31}},"1":{"start":{"line":2,"column":0},"end":{"line":2,"column":10}},"2":{"start":{"line":3,"column":0},"end":{"line":3,"column":9}},"3":{"start":{"line":4,"column":0},"end":{"line":4,"column":57}},"4":{"start":{"line":5,"column":0},"end":{"line":5,"column":91}},"5":{"start":{"line":6,"column":0},"end":{"line":6,"column":57}},"6":{"start":{"line":7,"column":0},"end":{"line":7,"column":95}},"8":{"start":{"line":9,"column":0},"end":{"line":9,"column":58}},"9":{"start":{"line":10,"column":0},"end":{"line":10,"column":63}},"11":{"start":{"line":12,"column":0},"end":{"line":12,"column":57}},"12":{"start":{"line":13,"column":0},"end":{"line":13,"column":57}},"14":{"start":{"line":15,"column":0},"end":{"line":15,"column":45}},"15":{"start":{"line":16,"column":0},"end":{"line":16,"column":48}},"17":{"start":{"line":18,"column":0},"end":{"line":18,"column":50}},"18":{"start":{"line":19,"column":0},"end":{"line":19,"column":49}},"20":{"start":{"line":21,"column":0},"end":{"line":21,"column":84}},"21":{"start":{"line":22,"column":0},"end":{"line":22,"column":91}},"23":{"start":{"line":24,"column":0},"end":{"line":24,"column":96}},"24":{"start":{"line":25,"column":0},"end":{"line":25,"column":96}},"26":{"start":{"line":27,"column":0},"end":{"line":27,"column":72}},"27":{"start":{"line":28,"column":0},"end":{"line":28,"column":72}},"29":{"start":{"line":30,"column":0},"end":{"line":30,"column":10}},"31":{"start":{"line":32,"column":0},"end":{"line":32,"column":1}},"33":{"start":{"line":34,"column":0},"end":{"line":34,"column":30}}},"s":{"0":1,"1":1,"2":1,"3":1,"4":1,"5":1,"6":1,"8":1,"9":1,"11":1,"12":1,"14":1,"15":1,"17":1,"18":1,"20":1,"21":1,"23":1,"24":1,"26":1,"27":1,"29":1,"31":1,"33":1},"branchMap":{"0":{"type":"branch","line":1,"loc":{"start":{"line":1,"column":24},"end":{"line":32,"column":1}},"locations":[{"start":{"line":1,"column":24},"end":{"line":32,"column":1}}]}},"b":{"0":[1]},"fnMap":{"0":{"name":"GetAllByQueries","decl":{"start":{"line":1,"column":24},"end":{"line":32,"column":1}},"loc":{"start":{"line":1,"column":24},"end":{"line":32,"column":1}},"line":1}},"f":{"0":1}}
,"C:\\Users\\naman\\Desktop\\Tutorials\\react-testing\\src\\components\\GetByQueries.tsx": {"path":"C:\\Users\\naman\\Desktop\\Tutorials\\react-testing\\src\\components\\GetByQueries.tsx","all":false,"statementMap":{"0":{"start":{"line":1,"column":0},"end":{"line":1,"column":28}},"1":{"start":{"line":2,"column":0},"end":{"line":2,"column":10}},"2":{"start":{"line":3,"column":0},"end":{"line":3,"column":9}},"3":{"start":{"line":4,"column":0},"end":{"line":4,"column":29}},"4":{"start":{"line":5,"column":0},"end":{"line":5,"column":51}},"5":{"start":{"line":6,"column":0},"end":{"line":6,"column":50}},"6":{"start":{"line":7,"column":0},"end":{"line":7,"column":54}},"7":{"start":{"line":8,"column":0},"end":{"line":8,"column":67}},"8":{"start":{"line":9,"column":0},"end":{"line":9,"column":62}},"9":{"start":{"line":10,"column":0},"end":{"line":10,"column":10}},"11":{"start":{"line":12,"column":0},"end":{"line":12,"column":1}},"13":{"start":{"line":14,"column":0},"end":{"line":14,"column":27}}},"s":{"0":1,"1":7,"2":7,"3":7,"4":7,"5":7,"6":7,"7":7,"8":7,"9":7,"11":7,"13":1},"branchMap":{"0":{"type":"branch","line":1,"loc":{"start":{"line":1,"column":21},"end":{"line":12,"column":1}},"locations":[{"start":{"line":1,"column":21},"end":{"line":12,"column":1}}]}},"b":{"0":[7]},"fnMap":{"0":{"name":"GetByQueries","decl":{"start":{"line":1,"column":21},"end":{"line":12,"column":1}},"loc":{"start":{"line":1,"column":21},"end":{"line":12,"column":1}},"line":1}},"f":{"0":7}}
,"C:\\Users\\naman\\Desktop\\Tutorials\\react-testing\\src\\components\\HelloWorld.tsx": {"path":"C:\\Users\\naman\\Desktop\\Tutorials\\react-testing\\src\\components\\HelloWorld.tsx","all":false,"statementMap":{"0":{"start":{"line":1,"column":0},"end":{"line":1,"column":26}},"1":{"start":{"line":2,"column":0},"end":{"line":2,"column":10}},"2":{"start":{"line":3,"column":0},"end":{"line":3,"column":25}},"4":{"start":{"line":5,"column":0},"end":{"line":5,"column":1}},"6":{"start":{"line":7,"column":0},"end":{"line":7,"column":25}}},"s":{"0":1,"1":1,"2":1,"4":1,"6":1},"branchMap":{"0":{"type":"branch","line":1,"loc":{"start":{"line":1,"column":19},"end":{"line":5,"column":1}},"locations":[{"start":{"line":1,"column":19},"end":{"line":5,"column":1}}]}},"b":{"0":[1]},"fnMap":{"0":{"name":"HelloWorld","decl":{"start":{"line":1,"column":19},"end":{"line":5,"column":1}},"loc":{"start":{"line":1,"column":19},"end":{"line":5,"column":1}},"line":1}},"f":{"0":1}}
,"C:\\Users\\naman\\Desktop\\Tutorials\\react-testing\\src\\components\\ProgrammingLanguagesList.tsx": {"path":"C:\\Users\\naman\\Desktop\\Tutorials\\react-testing\\src\\components\\ProgrammingLanguagesList.tsx","all":false,"statementMap":{"0":{"start":{"line":1,"column":0},"end":{"line":1,"column":72}},"1":{"start":{"line":2,"column":0},"end":{"line":2,"column":29}},"2":{"start":{"line":3,"column":0},"end":{"line":3,"column":12}},"3":{"start":{"line":4,"column":0},"end":{"line":4,"column":13}},"4":{"start":{"line":5,"column":0},"end":{"line":5,"column":49}},"5":{"start":{"line":6,"column":0},"end":{"line":6,"column":14}},"7":{"start":{"line":8,"column":0},"end":{"line":8,"column":3}},"9":{"start":{"line":10,"column":0},"end":{"line":10,"column":10}},"10":{"start":{"line":11,"column":0},"end":{"line":11,"column":9}},"11":{"start":{"line":12,"column":0},"end":{"line":12,"column":10}},"12":{"start":{"line":13,"column":0},"end":{"line":13,"column":45}},"13":{"start":{"line":14,"column":0},"end":{"line":14,"column":41}},"14":{"start":{"line":15,"column":0},"end":{"line":15,"column":11}},"15":{"start":{"line":16,"column":0},"end":{"line":16,"column":11}},"16":{"start":{"line":17,"column":0},"end":{"line":17,"column":10}},"18":{"start":{"line":19,"column":0},"end":{"line":19,"column":1}},"20":{"start":{"line":21,"column":0},"end":{"line":21,"column":39}}},"s":{"0":1,"1":2,"2":1,"3":1,"4":1,"5":1,"7":1,"9":1,"10":1,"11":1,"12":1,"13":3,"14":1,"15":1,"16":1,"18":1,"20":1},"branchMap":{"0":{"type":"branch","line":1,"loc":{"start":{"line":1,"column":33},"end":{"line":19,"column":1}},"locations":[{"start":{"line":1,"column":33},"end":{"line":19,"column":1}}]},"1":{"type":"branch","line":2,"loc":{"start":{"line":2,"column":28},"end":{"line":19,"column":1}},"locations":[{"start":{"line":2,"column":28},"end":{"line":19,"column":1}}]},"2":{"type":"branch","line":13,"loc":{"start":{"line":13,"column":23},"end":{"line":14,"column":41}},"locations":[{"start":{"line":13,"column":23},"end":{"line":14,"column":41}}]}},"b":{"0":[2],"1":[1],"2":[3]},"fnMap":{"0":{"name":"ProgrammingLanguagesList","decl":{"start":{"line":1,"column":33},"end":{"line":19,"column":1}},"loc":{"start":{"line":1,"column":33},"end":{"line":19,"column":1}},"line":1}},"f":{"0":2}}
,"C:\\Users\\naman\\Desktop\\Tutorials\\react-testing\\src\\components\\QueryByQueries.tsx": {"path":"C:\\Users\\naman\\Desktop\\Tutorials\\react-testing\\src\\components\\QueryByQueries.tsx","all":false,"statementMap":{"0":{"start":{"line":1,"column":0},"end":{"line":1,"column":30}},"1":{"start":{"line":2,"column":0},"end":{"line":2,"column":10}},"2":{"start":{"line":3,"column":0},"end":{"line":3,"column":9}},"3":{"start":{"line":4,"column":0},"end":{"line":4,"column":68}},"5":{"start":{"line":6,"column":0},"end":{"line":6,"column":33}},"7":{"start":{"line":8,"column":0},"end":{"line":8,"column":47}},"8":{"start":{"line":9,"column":0},"end":{"line":9,"column":50}},"10":{"start":{"line":11,"column":0},"end":{"line":11,"column":47}},"11":{"start":{"line":12,"column":0},"end":{"line":12,"column":49}},"13":{"start":{"line":14,"column":0},"end":{"line":14,"column":28}},"15":{"start":{"line":16,"column":0},"end":{"line":16,"column":43}},"17":{"start":{"line":18,"column":0},"end":{"line":18,"column":62}},"19":{"start":{"line":20,"column":0},"end":{"line":20,"column":45}},"20":{"start":{"line":21,"column":0},"end":{"line":21,"column":10}},"22":{"start":{"line":23,"column":0},"end":{"line":23,"column":1}},"24":{"start":{"line":25,"column":0},"end":{"line":25,"column":29}}},"s":{"0":1,"1":5,"2":5,"3":5,"5":5,"7":5,"8":5,"10":5,"11":5,"13":5,"15":5,"17":5,"19":5,"20":5,"22":5,"24":1},"branchMap":{"0":{"type":"branch","line":1,"loc":{"start":{"line":1,"column":23},"end":{"line":23,"column":1}},"locations":[{"start":{"line":1,"column":23},"end":{"line":23,"column":1}}]}},"b":{"0":[5]},"fnMap":{"0":{"name":"QueryByQueries","decl":{"start":{"line":1,"column":23},"end":{"line":23,"column":1}},"loc":{"start":{"line":1,"column":23},"end":{"line":23,"column":1}},"line":1}},"f":{"0":5}}
,"C:\\Users\\naman\\Desktop\\Tutorials\\react-testing\\src\\components\\UserStatus.tsx": {"path":"C:\\Users\\naman\\Desktop\\Tutorials\\react-testing\\src\\components\\UserStatus.tsx","all":false,"statementMap":{"2":{"start":{"line":3,"column":0},"end":{"line":3,"column":45}},"3":{"start":{"line":4,"column":0},"end":{"line":4,"column":10}},"4":{"start":{"line":5,"column":0},"end":{"line":5,"column":74}},"6":{"start":{"line":7,"column":0},"end":{"line":7,"column":1}},"8":{"start":{"line":9,"column":0},"end":{"line":9,"column":25}}},"s":{"2":2,"3":2,"4":2,"6":2,"8":1},"branchMap":{"0":{"type":"branch","line":3,"loc":{"start":{"line":3,"column":0},"end":{"line":7,"column":1}},"locations":[{"start":{"line":3,"column":0},"end":{"line":7,"column":1}}]},"1":{"type":"branch","line":5,"loc":{"start":{"line":5,"column":10},"end":{"line":5,"column":43}},"locations":[{"start":{"line":5,"column":10},"end":{"line":5,"column":43}}]},"2":{"type":"branch","line":5,"loc":{"start":{"line":5,"column":37},"end":{"line":5,"column":68}},"locations":[{"start":{"line":5,"column":37},"end":{"line":5,"column":68}}]}},"b":{"0":[2],"1":[1],"2":[1]},"fnMap":{"0":{"name":"UserStatus","decl":{"start":{"line":3,"column":0},"end":{"line":7,"column":1}},"loc":{"start":{"line":3,"column":0},"end":{"line":7,"column":1}},"line":3}},"f":{"0":2}}
}
